<?xml version="1.0" encoding="UTF-8"?>
<!-- Generated by org.testng.reporters.JUnitReportReporter -->
<testsuite hostname="Khadijah-Saleh" failures="0" tests="1" name="Lab_01" time="4.670" errors="0" timestamp="2023-09-23T02:30:57 EET" skipped="0">
  <testcase classname="Lab_01" name="test" time="4.670"/>
  <system-out/>
</testsuite> <!-- Lab_01 -->
